<?xml version="1.0" encoding="UTF-8"?>
<!-- Generated by org.testng.reporters.JUnitReportReporter -->
<testsuite hostname="XE-GGN-IT-04936" failures="0" tests="1" name="com.qa.BDO.Test.BDO_AccountSummary_Testcases" time="6.928" errors="0" timestamp="2023-02-09T23:58:11 IST" skipped="0">
  <testcase classname="com.qa.BDO.Test.BDO_AccountSummary_Testcases" name="NavigateToUpdateProfilePage" time="6.928"/>
  <system-out/>
</testsuite> <!-- com.qa.BDO.Test.BDO_AccountSummary_Testcases -->
