<?xml version="1.0" encoding="UTF-8"?>
<!-- Generated by org.testng.reporters.JUnitReportReporter -->
<testsuite hostname="XE-GGN-IT-04936" failures="0" tests="7" name="com.qa.BDO.Test.BDO_ManageProfile_Testcases" time="28.358" errors="2" timestamp="2023-02-09T23:58:11 IST" skipped="0">
  <testcase classname="com.qa.BDO.Test.BDO_ManageProfile_Testcases" name="NavigateToManageProfile" time="7.525"/>
  <system-out/>
  <testcase classname="com.qa.BDO.Test.BDO_ManageProfile_Testcases" name="Verify_Cancel_UpdateMobile" time="0.748"/>
  <system-out/>
  <testcase classname="com.qa.BDO.Test.BDO_ManageProfile_Testcases" name="Verify_Cancel_UpdateEmail" time="0.112"/>
  <system-out/>
  <testcase classname="com.qa.BDO.Test.BDO_ManageProfile_Testcases" name="Verify_function_of_Cancel_pop" time="0.527"/>
  <system-out/>
  <testcase classname="com.qa.BDO.Test.BDO_ManageProfile_Testcases" name="VerifyManageProfile_UpdateMobile" time="16.690">
    <error message="Error {
  message=&#039;Target closed
=========================== logs ===========================
waiting for locator(&quot;xpath=(//div[@class=&#039;success-header&#039;])[1]&quot;)
============================================================
  name=&#039;Error
  stack=&#039;Error: Target closed
=========================== logs ===========================
waiting for locator(&quot;xpath=(//div[@class=&#039;success-header&#039;])[1]&quot;)
============================================================
    at /private/var/folders/70/x874lf6n7cx_4tkvkkcwsmhh0000gr/T/playwright-java-6974755855971575440/package/lib/server/chromium/crConnection.js:169:16
    at new Promise (&lt;anonymous&gt;)
    at CRSession.send (/private/var/folders/70/x874lf6n7cx_4tkvkkcwsmhh0000gr/T/playwright-java-6974755855971575440/package/lib/server/chromium/crConnection.js:165:12)
    at CRExecutionContext.evaluateWithArguments (/private/var/folders/70/x874lf6n7cx_4tkvkkcwsmhh0000gr/T/playwright-java-6974755855971575440/package/lib/server/chromium/crExecutionContext.js:78:28)
    at FrameExecutionContext.evaluateWithArguments (/private/var/folders/70/x874lf6n7cx_4tkvkkcwsmhh0000gr/T/playwright-java-6974755855971575440/package/lib/server/javascript.js:61:61)
    at evaluateExpression (/private/var/folders/70/x874lf6n7cx_4tkvkkcwsmhh0000gr/T/playwright-java-6974755855971575440/package/lib/server/javascript.js:215:26)
    at async InjectedScriptPollHandler.finish (/private/var/folders/70/x874lf6n7cx_4tkvkkcwsmhh0000gr/T/playwright-java-6974755855971575440/package/lib/server/dom.js:864:22)
    at async RerunnableTask.rerun (/private/var/folders/70/x874lf6n7cx_4tkvkkcwsmhh0000gr/T/playwright-java-6974755855971575440/package/lib/server/frames.js:1557:44)
}" type="com.microsoft.playwright.PlaywrightException">
      <![CDATA[com.microsoft.playwright.PlaywrightException: Error {
  message='Target closed
=========================== logs ===========================
waiting for locator("xpath=(//div[@class='success-header'])[1]")
============================================================
  name='Error
  stack='Error: Target closed
=========================== logs ===========================
waiting for locator("xpath=(//div[@class='success-header'])[1]")
============================================================
    at /private/var/folders/70/x874lf6n7cx_4tkvkkcwsmhh0000gr/T/playwright-java-6974755855971575440/package/lib/server/chromium/crConnection.js:169:16
    at new Promise (<anonymous>)
    at CRSession.send (/private/var/folders/70/x874lf6n7cx_4tkvkkcwsmhh0000gr/T/playwright-java-6974755855971575440/package/lib/server/chromium/crConnection.js:165:12)
    at CRExecutionContext.evaluateWithArguments (/private/var/folders/70/x874lf6n7cx_4tkvkkcwsmhh0000gr/T/playwright-java-6974755855971575440/package/lib/server/chromium/crExecutionContext.js:78:28)
    at FrameExecutionContext.evaluateWithArguments (/private/var/folders/70/x874lf6n7cx_4tkvkkcwsmhh0000gr/T/playwright-java-6974755855971575440/package/lib/server/javascript.js:61:61)
    at evaluateExpression (/private/var/folders/70/x874lf6n7cx_4tkvkkcwsmhh0000gr/T/playwright-java-6974755855971575440/package/lib/server/javascript.js:215:26)
    at async InjectedScriptPollHandler.finish (/private/var/folders/70/x874lf6n7cx_4tkvkkcwsmhh0000gr/T/playwright-java-6974755855971575440/package/lib/server/dom.js:864:22)
    at async RerunnableTask.rerun (/private/var/folders/70/x874lf6n7cx_4tkvkkcwsmhh0000gr/T/playwright-java-6974755855971575440/package/lib/server/frames.js:1557:44)
}
at com.microsoft.playwright.impl.WaitableResult.get(WaitableResult.java:54)
at com.microsoft.playwright.impl.ChannelOwner.runUntil(ChannelOwner.java:111)
at com.microsoft.playwright.impl.Connection.sendMessage(Connection.java:119)
at com.microsoft.playwright.impl.ChannelOwner.sendMessage(ChannelOwner.java:102)
at com.microsoft.playwright.impl.FrameImpl.textContentImpl(FrameImpl.java:809)
at com.microsoft.playwright.impl.FrameImpl.lambda$textContent$39(FrameImpl.java:800)
at com.microsoft.playwright.impl.LoggingSupport.withLogging(LoggingSupport.java:47)
at com.microsoft.playwright.impl.ChannelOwner.withLogging(ChannelOwner.java:87)
at com.microsoft.playwright.impl.FrameImpl.textContent(FrameImpl.java:800)
at com.microsoft.playwright.impl.LocatorImpl.textContent(LocatorImpl.java:511)
at com.microsoft.playwright.Locator.textContent(Locator.java:3642)
at com.qa.BDO.pages.BDO_ManageProfile.VerifyMobileUpdateSuccess(BDO_ManageProfile.java:112)
at com.qa.BDO.Test.BDO_ManageProfile_Testcases.VerifyManageProfile_UpdateMobile(BDO_ManageProfile_Testcases.java:34)
at java.base/jdk.internal.reflect.DirectMethodHandleAccessor.invoke(DirectMethodHandleAccessor.java:104)
at java.base/java.lang.reflect.Method.invoke(Method.java:578)
at org.testng.internal.invokers.MethodInvocationHelper.invokeMethod(MethodInvocationHelper.java:139)
at org.testng.internal.invokers.TestInvoker.invokeMethod(TestInvoker.java:677)
at org.testng.internal.invokers.TestInvoker.invokeTestMethod(TestInvoker.java:221)
at org.testng.internal.invokers.MethodRunner.runInSequence(MethodRunner.java:50)
at org.testng.internal.invokers.TestInvoker$MethodInvocationAgent.invoke(TestInvoker.java:962)
at org.testng.internal.invokers.TestInvoker.invokeTestMethods(TestInvoker.java:194)
at org.testng.internal.invokers.TestMethodWorker.invokeTestMethods(TestMethodWorker.java:148)
at org.testng.internal.invokers.TestMethodWorker.run(TestMethodWorker.java:128)
at java.base/java.util.ArrayList.forEach(ArrayList.java:1511)
at org.testng.TestRunner.privateRun(TestRunner.java:806)
at org.testng.TestRunner.run(TestRunner.java:601)
at org.testng.SuiteRunner.runTest(SuiteRunner.java:433)
at org.testng.SuiteRunner.runSequentially(SuiteRunner.java:427)
at org.testng.SuiteRunner.privateRun(SuiteRunner.java:387)
at org.testng.SuiteRunner.run(SuiteRunner.java:330)
at org.testng.SuiteRunnerWorker.runSuite(SuiteRunnerWorker.java:52)
at org.testng.SuiteRunnerWorker.run(SuiteRunnerWorker.java:95)
at org.testng.TestNG.runSuitesSequentially(TestNG.java:1256)
at org.testng.TestNG.runSuitesLocally(TestNG.java:1176)
at org.testng.TestNG.runSuites(TestNG.java:1099)
at org.testng.TestNG.run(TestNG.java:1067)
at org.apache.maven.surefire.testng.TestNGExecutor.run(TestNGExecutor.java:283)
at org.apache.maven.surefire.testng.TestNGXmlTestSuite.execute(TestNGXmlTestSuite.java:75)
at org.apache.maven.surefire.testng.TestNGProvider.invoke(TestNGProvider.java:120)
at org.apache.maven.surefire.booter.ForkedBooter.invokeProviderInSameClassLoader(ForkedBooter.java:386)
at org.apache.maven.surefire.booter.ForkedBooter.runSuitesInProcess(ForkedBooter.java:323)
at org.apache.maven.surefire.booter.ForkedBooter.main(ForkedBooter.java:143)
Caused by: com.microsoft.playwright.impl.DriverException: Error {
  message='Target closed
=========================== logs ===========================
waiting for locator("xpath=(//div[@class='success-header'])[1]")
============================================================
  name='Error
  stack='Error: Target closed
=========================== logs ===========================
waiting for locator("xpath=(//div[@class='success-header'])[1]")
============================================================
    at /private/var/folders/70/x874lf6n7cx_4tkvkkcwsmhh0000gr/T/playwright-java-6974755855971575440/package/lib/server/chromium/crConnection.js:169:16
    at new Promise (<anonymous>)
    at CRSession.send (/private/var/folders/70/x874lf6n7cx_4tkvkkcwsmhh0000gr/T/playwright-java-6974755855971575440/package/lib/server/chromium/crConnection.js:165:12)
    at CRExecutionContext.evaluateWithArguments (/private/var/folders/70/x874lf6n7cx_4tkvkkcwsmhh0000gr/T/playwright-java-6974755855971575440/package/lib/server/chromium/crExecutionContext.js:78:28)
    at FrameExecutionContext.evaluateWithArguments (/private/var/folders/70/x874lf6n7cx_4tkvkkcwsmhh0000gr/T/playwright-java-6974755855971575440/package/lib/server/javascript.js:61:61)
    at evaluateExpression (/private/var/folders/70/x874lf6n7cx_4tkvkkcwsmhh0000gr/T/playwright-java-6974755855971575440/package/lib/server/javascript.js:215:26)
    at async InjectedScriptPollHandler.finish (/private/var/folders/70/x874lf6n7cx_4tkvkkcwsmhh0000gr/T/playwright-java-6974755855971575440/package/lib/server/dom.js:864:22)
    at async RerunnableTask.rerun (/private/var/folders/70/x874lf6n7cx_4tkvkkcwsmhh0000gr/T/playwright-java-6974755855971575440/package/lib/server/frames.js:1557:44)
}
at com.microsoft.playwright.impl.Connection.dispatch(Connection.java:201)
at com.microsoft.playwright.impl.Connection.processOneMessage(Connection.java:181)
at com.microsoft.playwright.impl.ChannelOwner.runUntil(ChannelOwner.java:109)
... 40 more
]]>
    </error>
  </testcase> <!-- VerifyManageProfile_UpdateMobile -->
  <system-out/>
  <testcase classname="com.qa.BDO.Test.BDO_ManageProfile_Testcases" name="VerifyManageProfilePage_UpdateEmail" time="0.004">
    <error message="Error {
  message=&#039;Target page, context or browser has been closed
  name=&#039;Error
  stack=&#039;Error: Target page, context or browser has been closed
    at DispatcherConnection.dispatch (/private/var/folders/70/x874lf6n7cx_4tkvkkcwsmhh0000gr/T/playwright-java-6974755855971575440/package/lib/server/dispatchers/dispatcher.js:230:49)
    at PipeTransport.transport.onmessage (/private/var/folders/70/x874lf6n7cx_4tkvkkcwsmhh0000gr/T/playwright-java-6974755855971575440/package/lib/cli/driver.js:50:57)
    at Immediate._onImmediate (/private/var/folders/70/x874lf6n7cx_4tkvkkcwsmhh0000gr/T/playwright-java-6974755855971575440/package/lib/protocol/transport.js:77:34)
    at processImmediate (node:internal/timers:466:21)
}" type="com.microsoft.playwright.PlaywrightException">
      <![CDATA[com.microsoft.playwright.PlaywrightException: Error {
  message='Target page, context or browser has been closed
  name='Error
  stack='Error: Target page, context or browser has been closed
    at DispatcherConnection.dispatch (/private/var/folders/70/x874lf6n7cx_4tkvkkcwsmhh0000gr/T/playwright-java-6974755855971575440/package/lib/server/dispatchers/dispatcher.js:230:49)
    at PipeTransport.transport.onmessage (/private/var/folders/70/x874lf6n7cx_4tkvkkcwsmhh0000gr/T/playwright-java-6974755855971575440/package/lib/cli/driver.js:50:57)
    at Immediate._onImmediate (/private/var/folders/70/x874lf6n7cx_4tkvkkcwsmhh0000gr/T/playwright-java-6974755855971575440/package/lib/protocol/transport.js:77:34)
    at processImmediate (node:internal/timers:466:21)
}
at com.microsoft.playwright.impl.WaitableResult.get(WaitableResult.java:54)
at com.microsoft.playwright.impl.ChannelOwner.runUntil(ChannelOwner.java:111)
at com.microsoft.playwright.impl.Connection.sendMessage(Connection.java:119)
at com.microsoft.playwright.impl.ChannelOwner.sendMessage(ChannelOwner.java:102)
at com.microsoft.playwright.impl.FrameImpl.textContentImpl(FrameImpl.java:809)
at com.microsoft.playwright.impl.FrameImpl.lambda$textContent$39(FrameImpl.java:800)
at com.microsoft.playwright.impl.LoggingSupport.withLogging(LoggingSupport.java:47)
at com.microsoft.playwright.impl.ChannelOwner.withLogging(ChannelOwner.java:87)
at com.microsoft.playwright.impl.FrameImpl.textContent(FrameImpl.java:800)
at com.microsoft.playwright.impl.LocatorImpl.textContent(LocatorImpl.java:511)
at com.microsoft.playwright.Locator.textContent(Locator.java:3642)
at com.qa.BDO.pages.BDO_ManageProfile.VerifyUpdateEmailUI(BDO_ManageProfile.java:31)
at com.qa.BDO.Test.BDO_ManageProfile_Testcases.VerifyManageProfilePage_UpdateEmail(BDO_ManageProfile_Testcases.java:71)
at java.base/jdk.internal.reflect.DirectMethodHandleAccessor.invoke(DirectMethodHandleAccessor.java:104)
at java.base/java.lang.reflect.Method.invoke(Method.java:578)
at org.testng.internal.invokers.MethodInvocationHelper.invokeMethod(MethodInvocationHelper.java:139)
at org.testng.internal.invokers.TestInvoker.invokeMethod(TestInvoker.java:677)
at org.testng.internal.invokers.TestInvoker.invokeTestMethod(TestInvoker.java:221)
at org.testng.internal.invokers.MethodRunner.runInSequence(MethodRunner.java:50)
at org.testng.internal.invokers.TestInvoker$MethodInvocationAgent.invoke(TestInvoker.java:962)
at org.testng.internal.invokers.TestInvoker.invokeTestMethods(TestInvoker.java:194)
at org.testng.internal.invokers.TestMethodWorker.invokeTestMethods(TestMethodWorker.java:148)
at org.testng.internal.invokers.TestMethodWorker.run(TestMethodWorker.java:128)
at java.base/java.util.ArrayList.forEach(ArrayList.java:1511)
at org.testng.TestRunner.privateRun(TestRunner.java:806)
at org.testng.TestRunner.run(TestRunner.java:601)
at org.testng.SuiteRunner.runTest(SuiteRunner.java:433)
at org.testng.SuiteRunner.runSequentially(SuiteRunner.java:427)
at org.testng.SuiteRunner.privateRun(SuiteRunner.java:387)
at org.testng.SuiteRunner.run(SuiteRunner.java:330)
at org.testng.SuiteRunnerWorker.runSuite(SuiteRunnerWorker.java:52)
at org.testng.SuiteRunnerWorker.run(SuiteRunnerWorker.java:95)
at org.testng.TestNG.runSuitesSequentially(TestNG.java:1256)
at org.testng.TestNG.runSuitesLocally(TestNG.java:1176)
at org.testng.TestNG.runSuites(TestNG.java:1099)
at org.testng.TestNG.run(TestNG.java:1067)
at org.apache.maven.surefire.testng.TestNGExecutor.run(TestNGExecutor.java:283)
at org.apache.maven.surefire.testng.TestNGXmlTestSuite.execute(TestNGXmlTestSuite.java:75)
at org.apache.maven.surefire.testng.TestNGProvider.invoke(TestNGProvider.java:120)
at org.apache.maven.surefire.booter.ForkedBooter.invokeProviderInSameClassLoader(ForkedBooter.java:386)
at org.apache.maven.surefire.booter.ForkedBooter.runSuitesInProcess(ForkedBooter.java:323)
at org.apache.maven.surefire.booter.ForkedBooter.main(ForkedBooter.java:143)
Caused by: com.microsoft.playwright.impl.DriverException: Error {
  message='Target page, context or browser has been closed
  name='Error
  stack='Error: Target page, context or browser has been closed
    at DispatcherConnection.dispatch (/private/var/folders/70/x874lf6n7cx_4tkvkkcwsmhh0000gr/T/playwright-java-6974755855971575440/package/lib/server/dispatchers/dispatcher.js:230:49)
    at PipeTransport.transport.onmessage (/private/var/folders/70/x874lf6n7cx_4tkvkkcwsmhh0000gr/T/playwright-java-6974755855971575440/package/lib/cli/driver.js:50:57)
    at Immediate._onImmediate (/private/var/folders/70/x874lf6n7cx_4tkvkkcwsmhh0000gr/T/playwright-java-6974755855971575440/package/lib/protocol/transport.js:77:34)
    at processImmediate (node:internal/timers:466:21)
}
at com.microsoft.playwright.impl.Connection.dispatch(Connection.java:201)
at com.microsoft.playwright.impl.Connection.processOneMessage(Connection.java:181)
at com.microsoft.playwright.impl.ChannelOwner.runUntil(ChannelOwner.java:109)
... 40 more
]]>
    </error>
  </testcase> <!-- VerifyManageProfilePage_UpdateEmail -->
  <system-out/>
  <testcase classname="com.qa.BDO.Test.BDO_ManageProfile_Testcases" name="Reset_User_profile_details" time="2.752"/>
  <system-out/>
</testsuite> <!-- com.qa.BDO.Test.BDO_ManageProfile_Testcases -->
