<?xml version="1.0" encoding="UTF-8"?>
<!-- Generated by org.testng.reporters.JUnitReportReporter -->
<testsuite hostname="XE-GGN-IT-04936" failures="0" tests="7" name="com.qa.BDO.Test.BDO_Login_Testcases" time="14.041" errors="0" timestamp="2023-02-09T23:58:11 IST" skipped="0">
  <testcase classname="com.qa.BDO.Test.BDO_Login_Testcases" name="VerifyLoginCredentials" time="1.399"/>
  <system-out/>
  <testcase classname="com.qa.BDO.Test.BDO_Login_Testcases" name="VerifyLoginCredentials" time="0.878"/>
  <system-out/>
  <testcase classname="com.qa.BDO.Test.BDO_Login_Testcases" name="VerifyLoginCredentials" time="2.010"/>
  <system-out/>
  <testcase classname="com.qa.BDO.Test.BDO_Login_Testcases" name="VerifyLoginCredentials" time="0.215"/>
  <system-out/>
  <testcase classname="com.qa.BDO.Test.BDO_Login_Testcases" name="VerifyLoginCredentials" time="0.105"/>
  <system-out/>
  <testcase classname="com.qa.BDO.Test.BDO_Login_Testcases" name="LoginAttemptExhausted" time="2.829"/>
  <system-out/>
  <testcase classname="com.qa.BDO.Test.BDO_Login_Testcases" name="VaildateSuccessfullogin" time="6.605"/>
  <system-out/>
</testsuite> <!-- com.qa.BDO.Test.BDO_Login_Testcases -->
