<?xml version="1.0" encoding="UTF-8"?>
<!-- Generated by org.testng.reporters.JUnitReportReporter -->
<testsuite hostname="XE-GGN-IT-04936" failures="0" tests="1" name="com.qa.BDO.Test.BDO_Home_Testcases" time="1.771" errors="0" timestamp="2023-02-09T23:58:11 IST" skipped="0">
  <testcase classname="com.qa.BDO.Test.BDO_Home_Testcases" name="ValidateHomePageElements" time="1.771"/>
  <system-out/>
</testsuite> <!-- com.qa.BDO.Test.BDO_Home_Testcases -->
